#
# A fatal error has been detected by the Java Runtime Environment:
#
#  SIGSEGV (0xb) at pc=0x0000000107c88914, pid=14712, tid=16643
#
# JRE version: Java(TM) SE Runtime Environment (8.0_60-b27) (build 1.8.0_60-b27)
# Java VM: Java HotSpot(TM) 64-Bit Server VM (25.60-b23 mixed mode bsd-amd64 compressed oops)
# Problematic frame:
# V  [libjvm.dylib+0x446914]  Method::checked_resolve_jmethod_id(_jmethodID*)+0xe
#
# Failed to write core dump. Core dumps have been disabled. To enable core dumping, try "ulimit -c unlimited" before starting Java again
#
# If you would like to submit a bug report, please visit:
#   http://bugreport.java.com/bugreport/crash.jsp
#

---------------  T H R E A D  ---------------

Current thread (0x00007f8c9a01e000):  JavaThread "JDWP Transport Listener: dt_socket" daemon [_thread_in_vm, id=16643, stack(0x000000011e6c7000,0x000000011e7c7000)]

siginfo: si_signo: 11 (SIGSEGV), si_code: 0 (unknown), si_addr: 0x0000000000000000

Registers:
RAX=0x0000000000000001, RBX=0x000000011e7c6a8b, RCX=0x0000000108057310, RDX=0x000000011e7c6a8b
RSP=0x000000011e7c69d0, RBP=0x000000011e7c69e0, RSI=0x00007f8c9a01e000, RDI=0xc000000000000000
R8 =0x0000000000000000, R9 =0x00007f8c98500000, R10=0x0000000000000010, R11=0x00007f8c98500000
R12=0x00007f8c9a01e000, R13=0xc000000000000000, R14=0xc000000000000000, R15=0x00007f8c985058a0
RIP=0x0000000107c88914, EFLAGS=0x0000000000010286, ERR=0x0000000000000000
  TRAPNO=0x000000000000000d

Top of Stack: (sp=0x000000011e7c69d0)
0x000000011e7c69d0:   000000011e7c6a8b 000000011e7c6a8b
0x000000011e7c69e0:   000000011e7c6a40 0000000107b97a0e
0x000000011e7c69f0:   00007f8c9a01e000 0000000000000000
0x000000011e7c6a00:   0000000000000000 0000000000000000
0x000000011e7c6a10:   00007f8c9a01e000 00007f8c9a01e000
0x000000011e7c6a20:   000000011e7c6a8b 000000011e7c6a90
0x000000011e7c6a30:   c000000000000000 000000000000000c
0x000000011e7c6a40:   000000011e7c6a60 0000000109158780
0x000000011e7c6a50:   0000000000000001 000000011e7c6b08
0x000000011e7c6a60:   000000011e7c6ad0 000000010913d1f3
0x000000011e7c6a70:   000000011e7c6aa0 00007f8c98527860
0x000000011e7c6a80:   0000000d00000032 f000100a017c6b08
0x000000011e7c6a90:   0000000000000000 0000000000000000
0x000000011e7c6aa0:   0000000000000000 000000011e7c6c90
0x000000011e7c6ab0:   000000010915fe7a 00007f8c98527330
0x000000011e7c6ac0:   000000011e7c6b08 000000010916b598
0x000000011e7c6ad0:   000000011e7c6ae0 000000010913d2ec
0x000000011e7c6ae0:   000000011e7c6d00 0000000109146898
0x000000011e7c6af0:   0000039f00000013 00000000000f0200
0x000000011e7c6b00:   00007f8c9851cfd0 00007f8c98527cdb
0x000000011e7c6b10:   00007f8c0000003d 00007f8c985278d0
0x000000011e7c6b20:   00007f8c0000012c 000000011e7c6b58
0x000000011e7c6b30:   00007f8c985278d0 00007f0000000000
0x000000011e7c6b40:   0000039f00000051 00007fff0000d780
0x000000011e7c6b50:   000000011e7c6b58 8c7f00000d000000
0x000000011e7c6b60:   0f000000a0707198 6f43646e65736661
0x000000011e7c6b70:   0072656e6961746e 76616a4c28180000
0x000000011e7c6b80:   4c2f656d69742f61 657461446c61636f
0x000000011e7c6b90:   000000000056293b 988c7f0000010000
0x000000011e7c6ba0:   6707000000704062 00007473694c7465
0x000000011e7c6bb0:   76616a4c29281200 4c2f6c6974752f61
0x000000011e7c6bc0:   280000003b747369 2f6176616a4c2928 

Instructions: (pc=0x0000000107c88914)
0x0000000107c888f4:   40 48 48 85 c0 75 e0 30 c0 0f b6 c0 5d c3 31 c0
0x0000000107c88904:   5d c3 55 48 89 e5 53 48 83 ec 08 48 85 ff 74 24
0x0000000107c88914:   48 8b 1f 48 85 db 74 1c 48 83 fb 37 74 16 48 8b
0x0000000107c88924:   03 48 89 df ff 50 10 84 c0 b8 00 00 00 00 48 0f 

Register to memory mapping:

RAX=0x0000000000000001 is an unknown value
RBX=0x000000011e7c6a8b is pointing into the stack for thread: 0x00007f8c9a01e000
RCX=0x0000000108057310: UseMembar+0 in /Library/Java/JavaVirtualMachines/jdk1.8.0_60.jdk/Contents/Home/jre/lib/server/libjvm.dylib at 0x0000000107842000
RDX=0x000000011e7c6a8b is pointing into the stack for thread: 0x00007f8c9a01e000
RSP=0x000000011e7c69d0 is pointing into the stack for thread: 0x00007f8c9a01e000
RBP=0x000000011e7c69e0 is pointing into the stack for thread: 0x00007f8c9a01e000
RSI=0x00007f8c9a01e000 is a thread
RDI=0xc000000000000000 is an unknown value
R8 =0x0000000000000000 is an unknown value
R9 =0x00007f8c98500000 is an unknown value
R10=0x0000000000000010 is an unknown value
R11=0x00007f8c98500000 is an unknown value
R12=0x00007f8c9a01e000 is a thread
R13=0xc000000000000000 is an unknown value
R14=0xc000000000000000 is an unknown value
R15=0x00007f8c985058a0 is an unknown value


Stack: [0x000000011e6c7000,0x000000011e7c7000],  sp=0x000000011e7c69d0,  free space=1022k
Native frames: (J=compiled Java code, j=interpreted, Vv=VM code, C=native code)
V  [libjvm.dylib+0x446914]  Method::checked_resolve_jmethod_id(_jmethodID*)+0xe
V  [libjvm.dylib+0x355a0e]  jvmti_IsMethodSynthetic+0xb2
C  [libjdwp.dylib+0x20780]  isMethodSynthetic+0x63
C  [libjdwp.dylib+0x51f3]  methods1+0x10b
C  [libjdwp.dylib+0x52ec]  methodsWithGeneric+0xe
C  [libjdwp.dylib+0xe898]  debugLoop_run+0x1ce
C  [libjdwp.dylib+0x1f6ba]  attachThread+0x4d
V  [libjvm.dylib+0x396d6c]  JvmtiAgentThread::call_start_function()+0x38
V  [libjvm.dylib+0x5612d3]  JavaThread::thread_main_inner()+0x9b
V  [libjvm.dylib+0x5629ce]  JavaThread::run()+0x1c2
V  [libjvm.dylib+0x48343a]  java_start(Thread*)+0xf6
C  [libsystem_pthread.dylib+0x405a]  _pthread_body+0x83
C  [libsystem_pthread.dylib+0x3fd7]  _pthread_body+0x0
C  [libsystem_pthread.dylib+0x13ed]  thread_start+0xd
C  0x0000000000000000


---------------  P R O C E S S  ---------------

Java Threads: ( => current thread )
  0x00007f8c9901f000 JavaThread "Service Thread" daemon [_thread_blocked, id=19715, stack(0x000000011ecd9000,0x000000011edd9000)]
  0x00007f8c99843000 JavaThread "C1 CompilerThread2" daemon [_thread_blocked, id=19203, stack(0x000000011ebd6000,0x000000011ecd6000)]
  0x00007f8c99842000 JavaThread "C2 CompilerThread1" daemon [_thread_blocked, id=18691, stack(0x000000011ead3000,0x000000011ebd3000)]
  0x00007f8c99841800 JavaThread "C2 CompilerThread0" daemon [_thread_blocked, id=18179, stack(0x000000011e9d0000,0x000000011ead0000)]
  0x00007f8c98820800 JavaThread "JDWP Command Reader" daemon [_thread_in_native, id=17667, stack(0x000000011e8cd000,0x000000011e9cd000)]
  0x00007f8c9a01d000 JavaThread "JDWP Event Helper Thread" daemon [_thread_blocked, id=17155, stack(0x000000011e7ca000,0x000000011e8ca000)]
=>0x00007f8c9a01e000 JavaThread "JDWP Transport Listener: dt_socket" daemon [_thread_in_vm, id=16643, stack(0x000000011e6c7000,0x000000011e7c7000)]
  0x00007f8c98824000 JavaThread "Signal Dispatcher" daemon [_thread_blocked, id=13335, stack(0x000000011e5bd000,0x000000011e6bd000)]
  0x00007f8c9880c000 JavaThread "Finalizer" daemon [_thread_blocked, id=11523, stack(0x000000011cb98000,0x000000011cc98000)]
  0x00007f8c9901b800 JavaThread "Reference Handler" daemon [_thread_blocked, id=11011, stack(0x000000011ca95000,0x000000011cb95000)]
  0x00007f8c99802800 JavaThread "main" [_thread_blocked, id=4867, stack(0x0000000109001000,0x0000000109101000)]

Other Threads:
  0x00007f8c99019000 VMThread [stack: 0x000000011c992000,0x000000011ca92000] [id=10499]
  0x00007f8c9a028000 WatcherThread [stack: 0x000000011eddc000,0x000000011eedc000] [id=20227]

VM state:not at safepoint (normal execution)

VM Mutex/Monitor currently owned by a thread: None

Heap:
 PSYoungGen      total 18944K, used 3622K [0x00000007aab00000, 0x00000007ac000000, 0x00000007c0000000)
  eden space 16384K, 22% used [0x00000007aab00000,0x00000007aae89ab0,0x00000007abb00000)
  from space 2560K, 0% used [0x00000007abd80000,0x00000007abd80000,0x00000007ac000000)
  to   space 2560K, 0% used [0x00000007abb00000,0x00000007abb00000,0x00000007abd80000)
 ParOldGen       total 44032K, used 0K [0x0000000780000000, 0x0000000782b00000, 0x00000007aab00000)
  object space 44032K, 0% used [0x0000000780000000,0x0000000780000000,0x0000000782b00000)
 Metaspace       used 4000K, capacity 4744K, committed 4864K, reserved 1056768K
  class space    used 436K, capacity 477K, committed 512K, reserved 1048576K

Card table byte_map: [0x000000011854c000,0x000000011874d000] byte_map_base: 0x000000011494c000

Marking Bits: (ParMarkBitMap*) 0x0000000108120e20
 Begin Bits: [0x0000000118caf000, 0x0000000119caf000)
 End Bits:   [0x0000000119caf000, 0x000000011acaf000)

Polling page: 0x00000001087f0000

CodeCache: size=245760Kb used=1493Kb max_used=1493Kb free=244266Kb
 bounds [0x000000010918c000, 0x00000001093fc000, 0x000000011818c000]
 total_blobs=486 nmethods=235 adapters=173
 compilation: enabled

Compilation events (10 events):
Event: 11.976 Thread 0x00007f8c99843000  227       3       java.util.regex.Pattern::peek (26 bytes)
Event: 11.977 Thread 0x00007f8c99843000 nmethod 227 0x00000001092ffd50 code [0x00000001092ffee0, 0x00000001093001a8]
Event: 11.977 Thread 0x00007f8c99843000  231       1       java.lang.invoke.MethodTypeForm::basicType (5 bytes)
Event: 11.977 Thread 0x00007f8c99843000 nmethod 231 0x00000001093002d0 code [0x0000000109300420, 0x0000000109300530]
Event: 17.764 Thread 0x00007f8c99843000  233       3       java.util.ArrayList$Itr::hasNext (20 bytes)
Event: 17.765 Thread 0x00007f8c99843000 nmethod 233 0x0000000109300590 code [0x0000000109300700, 0x00000001093008d0]
Event: 145.405 Thread 0x00007f8c99843000  234       3       java.util.ArrayList$Itr::next (66 bytes)
Event: 145.406 Thread 0x00007f8c99843000 nmethod 234 0x0000000109300990 code [0x0000000109300b60, 0x0000000109301048]
Event: 145.406 Thread 0x00007f8c99843000  235       3       java.util.ArrayList$Itr::checkForComodification (23 bytes)
Event: 145.406 Thread 0x00007f8c99843000 nmethod 235 0x0000000109301350 code [0x00000001093014e0, 0x0000000109301708]

GC Heap History (0 events):
No events

Deoptimization events (0 events):
No events

Internal exceptions (10 events):
Event: 0.433 Thread 0x00007f8c99802800 Exception <a 'java/security/PrivilegedActionException'> (0x00000007aac9b818) thrown at [/Users/java_re/workspace/8-2-build-macosx-x86_64/jdk8u60/4407/hotspot/src/share/vm/prims/jvm.cpp, line 1386]
Event: 0.433 Thread 0x00007f8c99802800 Exception <a 'java/security/PrivilegedActionException'> (0x00000007aac9ba28) thrown at [/Users/java_re/workspace/8-2-build-macosx-x86_64/jdk8u60/4407/hotspot/src/share/vm/prims/jvm.cpp, line 1386]
Event: 0.436 Thread 0x00007f8c99802800 Exception <a 'java/util/zip/ZipException'> (0x00000007aac9c7a8) thrown at [/Users/java_re/workspace/8-2-build-macosx-x86_64/jdk8u60/4407/hotspot/src/share/vm/prims/jni.cpp, line 709]
Event: 0.436 Thread 0x00007f8c99802800 Exception <a 'java/security/PrivilegedActionException'> (0x00000007aac9c9b0) thrown at [/Users/java_re/workspace/8-2-build-macosx-x86_64/jdk8u60/4407/hotspot/src/share/vm/prims/jvm.cpp, line 1386]
Event: 0.436 Thread 0x00007f8c99802800 Exception <a 'java/security/PrivilegedActionException'> (0x00000007aac9cbc0) thrown at [/Users/java_re/workspace/8-2-build-macosx-x86_64/jdk8u60/4407/hotspot/src/share/vm/prims/jvm.cpp, line 1386]
Event: 0.439 Thread 0x00007f8c99802800 Exception <a 'java/util/zip/ZipException'> (0x00000007aacae480) thrown at [/Users/java_re/workspace/8-2-build-macosx-x86_64/jdk8u60/4407/hotspot/src/share/vm/prims/jni.cpp, line 709]
Event: 0.439 Thread 0x00007f8c99802800 Exception <a 'java/security/PrivilegedActionException'> (0x00000007aacae688) thrown at [/Users/java_re/workspace/8-2-build-macosx-x86_64/jdk8u60/4407/hotspot/src/share/vm/prims/jvm.cpp, line 1386]
Event: 0.439 Thread 0x00007f8c99802800 Exception <a 'java/security/PrivilegedActionException'> (0x00000007aacae898) thrown at [/Users/java_re/workspace/8-2-build-macosx-x86_64/jdk8u60/4407/hotspot/src/share/vm/prims/jvm.cpp, line 1386]
Event: 9.274 Thread 0x00007f8c99802800 Exception <a 'java/lang/NoSuchFieldError': method resolution failed> (0x00000007aadbaa88) thrown at [/Users/java_re/workspace/8-2-build-macosx-x86_64/jdk8u60/4407/hotspot/src/share/vm/prims/methodHandles.cpp, line 1146]
Event: 9.283 Thread 0x00007f8c99802800 Exception <a 'java/lang/NoSuchFieldError': method resolution failed> (0x00000007aadc7e88) thrown at [/Users/java_re/workspace/8-2-build-macosx-x86_64/jdk8u60/4407/hotspot/src/share/vm/prims/methodHandles.cpp, line 1146]

Events (10 events):
Event: 226.575 Executing VM operation: ChangeBreakpoints
Event: 226.575 Executing VM operation: ChangeBreakpoints done
Event: 228.980 Executing VM operation: ChangeBreakpoints
Event: 228.980 Executing VM operation: ChangeBreakpoints done
Event: 231.518 Executing VM operation: ChangeBreakpoints
Event: 231.519 Executing VM operation: ChangeBreakpoints done
Event: 232.591 Executing VM operation: ChangeBreakpoints
Event: 232.591 Executing VM operation: ChangeBreakpoints done
Event: 241.769 Executing VM operation: RedefineClasses
Event: 241.771 Executing VM operation: RedefineClasses done


Dynamic libraries:
0x0000000004635000 	/System/Library/Frameworks/Cocoa.framework/Versions/A/Cocoa
0x0000000004635000 	/System/Library/Frameworks/Security.framework/Versions/A/Security
0x0000000004635000 	/System/Library/Frameworks/ApplicationServices.framework/Versions/A/ApplicationServices
0x0000000004635000 	/usr/lib/libz.1.dylib
0x0000000004635000 	/usr/lib/libSystem.B.dylib
0x0000000004635000 	/usr/lib/libobjc.A.dylib
0x0000000004635000 	/System/Library/Frameworks/CoreFoundation.framework/Versions/A/CoreFoundation
0x0000000004635000 	/System/Library/Frameworks/Foundation.framework/Versions/C/Foundation
0x0000000004635000 	/System/Library/Frameworks/AppKit.framework/Versions/C/AppKit
0x0000000004635000 	/System/Library/Frameworks/CoreData.framework/Versions/A/CoreData
0x0000000004635000 	/System/Library/PrivateFrameworks/RemoteViewServices.framework/Versions/A/RemoteViewServices
0x0000000004635000 	/System/Library/PrivateFrameworks/UIFoundation.framework/Versions/A/UIFoundation
0x0000000004635000 	/System/Library/Frameworks/IOSurface.framework/Versions/A/IOSurface
0x0000000004635000 	/System/Library/Frameworks/AudioToolbox.framework/Versions/A/AudioToolbox
0x0000000004635000 	/System/Library/Frameworks/AudioUnit.framework/Versions/A/AudioUnit
0x0000000004635000 	/System/Library/PrivateFrameworks/DataDetectorsCore.framework/Versions/A/DataDetectorsCore
0x0000000004635000 	/System/Library/PrivateFrameworks/DesktopServicesPriv.framework/Versions/A/DesktopServicesPriv
0x0000000004635000 	/System/Library/Frameworks/Carbon.framework/Versions/A/Frameworks/HIToolbox.framework/Versions/A/HIToolbox
0x0000000004635000 	/System/Library/Frameworks/QuartzCore.framework/Versions/A/QuartzCore
0x0000000004635000 	/System/Library/Frameworks/Carbon.framework/Versions/A/Frameworks/SpeechRecognition.framework/Versions/A/SpeechRecognition
0x0000000004635000 	/usr/lib/libauto.dylib
0x0000000004635000 	/usr/lib/libicucore.A.dylib
0x0000000004635000 	/usr/lib/libxml2.2.dylib
0x0000000004635000 	/System/Library/PrivateFrameworks/CoreUI.framework/Versions/A/CoreUI
0x0000000004635000 	/System/Library/Frameworks/CoreAudio.framework/Versions/A/CoreAudio
0x0000000004635000 	/System/Library/Frameworks/DiskArbitration.framework/Versions/A/DiskArbitration
0x0000000004635000 	/usr/lib/liblangid.dylib
0x0000000004635000 	/System/Library/PrivateFrameworks/MultitouchSupport.framework/Versions/A/MultitouchSupport
0x0000000004635000 	/System/Library/Frameworks/IOKit.framework/Versions/A/IOKit
0x0000000004635000 	/usr/lib/libDiagnosticMessagesClient.dylib
0x0000000004635000 	/System/Library/Frameworks/CoreServices.framework/Versions/A/CoreServices
0x0000000004635000 	/System/Library/PrivateFrameworks/PerformanceAnalysis.framework/Versions/A/PerformanceAnalysis
0x0000000004635000 	/System/Library/PrivateFrameworks/GenerationalStorage.framework/Versions/A/GenerationalStorage
0x0000000004635000 	/System/Library/Frameworks/OpenGL.framework/Versions/A/OpenGL
0x0000000004635000 	/System/Library/PrivateFrameworks/Sharing.framework/Versions/A/Sharing
0x0000000004635000 	/System/Library/Frameworks/CoreGraphics.framework/Versions/A/CoreGraphics
0x0000000004635000 	/System/Library/Frameworks/CoreText.framework/Versions/A/CoreText
0x0000000004635000 	/System/Library/Frameworks/ImageIO.framework/Versions/A/ImageIO
0x0000000004635000 	/usr/lib/libextension.dylib
0x0000000004635000 	/System/Library/PrivateFrameworks/Backup.framework/Versions/A/Backup
0x0000000004635000 	/usr/lib/libarchive.2.dylib
0x0000000004635000 	/System/Library/Frameworks/CFNetwork.framework/Versions/A/CFNetwork
0x0000000004635000 	/System/Library/Frameworks/SystemConfiguration.framework/Versions/A/SystemConfiguration
0x0000000004635000 	/usr/lib/libCRFSuite.dylib
0x0000000004635000 	/usr/lib/libc++.1.dylib
0x0000000004635000 	/usr/lib/libc++abi.dylib
0x0000000004635000 	/usr/lib/system/libcache.dylib
0x0000000004635000 	/usr/lib/system/libcommonCrypto.dylib
0x0000000004635000 	/usr/lib/system/libcompiler_rt.dylib
0x0000000004635000 	/usr/lib/system/libcopyfile.dylib
0x0000000004635000 	/usr/lib/system/libcorecrypto.dylib
0x0000000004635000 	/usr/lib/system/libdispatch.dylib
0x0000000004635000 	/usr/lib/system/libdyld.dylib
0x0000000004635000 	/usr/lib/system/libkeymgr.dylib
0x0000000004635000 	/usr/lib/system/liblaunch.dylib
0x0000000004635000 	/usr/lib/system/libmacho.dylib
0x0000000004635000 	/usr/lib/system/libquarantine.dylib
0x0000000004635000 	/usr/lib/system/libremovefile.dylib
0x0000000004635000 	/usr/lib/system/libsystem_asl.dylib
0x0000000004635000 	/usr/lib/system/libsystem_blocks.dylib
0x0000000004635000 	/usr/lib/system/libsystem_c.dylib
0x0000000004635000 	/usr/lib/system/libsystem_configuration.dylib
0x0000000004635000 	/usr/lib/system/libsystem_coreservices.dylib
0x0000000004635000 	/usr/lib/system/libsystem_coretls.dylib
0x0000000004635000 	/usr/lib/system/libsystem_dnssd.dylib
0x0000000004635000 	/usr/lib/system/libsystem_info.dylib
0x0000000004635000 	/usr/lib/system/libsystem_kernel.dylib
0x0000000004635000 	/usr/lib/system/libsystem_m.dylib
0x0000000004635000 	/usr/lib/system/libsystem_malloc.dylib
0x0000000004635000 	/usr/lib/system/libsystem_network.dylib
0x0000000004635000 	/usr/lib/system/libsystem_networkextension.dylib
0x0000000004635000 	/usr/lib/system/libsystem_notify.dylib
0x0000000004635000 	/usr/lib/system/libsystem_platform.dylib
0x0000000004635000 	/usr/lib/system/libsystem_pthread.dylib
0x0000000004635000 	/usr/lib/system/libsystem_sandbox.dylib
0x0000000004635000 	/usr/lib/system/libsystem_secinit.dylib
0x0000000004635000 	/usr/lib/system/libsystem_stats.dylib
0x0000000004635000 	/usr/lib/system/libsystem_trace.dylib
0x0000000004635000 	/usr/lib/system/libunc.dylib
0x0000000004635000 	/usr/lib/system/libunwind.dylib
0x0000000004635000 	/usr/lib/system/libxpc.dylib
0x0000000004635000 	/usr/lib/libbz2.1.0.dylib
0x0000000004635000 	/usr/lib/liblzma.5.dylib
0x0000000004635000 	/usr/lib/libbsm.0.dylib
0x0000000004635000 	/usr/lib/libsqlite3.dylib
0x0000000004635000 	/usr/lib/system/libkxld.dylib
0x0000000004635000 	/usr/lib/libxar.1.dylib
0x0000000004635000 	/usr/lib/libpam.2.dylib
0x0000000004635000 	/usr/lib/libOpenScriptingUtil.dylib
0x0000000004635000 	/System/Library/Frameworks/CoreServices.framework/Versions/A/Frameworks/FSEvents.framework/Versions/A/FSEvents
0x0000000004635000 	/System/Library/Frameworks/CoreServices.framework/Versions/A/Frameworks/CarbonCore.framework/Versions/A/CarbonCore
0x0000000004635000 	/System/Library/Frameworks/CoreServices.framework/Versions/A/Frameworks/Metadata.framework/Versions/A/Metadata
0x0000000004635000 	/System/Library/Frameworks/CoreServices.framework/Versions/A/Frameworks/OSServices.framework/Versions/A/OSServices
0x0000000004635000 	/System/Library/Frameworks/CoreServices.framework/Versions/A/Frameworks/SearchKit.framework/Versions/A/SearchKit
0x0000000004635000 	/System/Library/Frameworks/CoreServices.framework/Versions/A/Frameworks/AE.framework/Versions/A/AE
0x0000000004635000 	/System/Library/Frameworks/CoreServices.framework/Versions/A/Frameworks/LaunchServices.framework/Versions/A/LaunchServices
0x0000000004635000 	/System/Library/Frameworks/CoreServices.framework/Versions/A/Frameworks/DictionaryServices.framework/Versions/A/DictionaryServices
0x0000000004635000 	/System/Library/Frameworks/NetFS.framework/Versions/A/NetFS
0x0000000004635000 	/System/Library/PrivateFrameworks/NetAuth.framework/Versions/A/NetAuth
0x0000000004635000 	/System/Library/PrivateFrameworks/login.framework/Versions/A/Frameworks/loginsupport.framework/Versions/A/loginsupport
0x0000000004635000 	/System/Library/PrivateFrameworks/TCC.framework/Versions/A/TCC
0x0000000004635000 	/usr/lib/libmecabra.dylib
0x0000000004635000 	/System/Library/Frameworks/ApplicationServices.framework/Versions/A/Frameworks/ATS.framework/Versions/A/ATS
0x0000000004635000 	/System/Library/Frameworks/ApplicationServices.framework/Versions/A/Frameworks/ColorSync.framework/Versions/A/ColorSync
0x0000000004635000 	/System/Library/Frameworks/ApplicationServices.framework/Versions/A/Frameworks/HIServices.framework/Versions/A/HIServices
0x0000000004635000 	/System/Library/Frameworks/ApplicationServices.framework/Versions/A/Frameworks/LangAnalysis.framework/Versions/A/LangAnalysis
0x0000000004635000 	/System/Library/Frameworks/ApplicationServices.framework/Versions/A/Frameworks/PrintCore.framework/Versions/A/PrintCore
0x0000000004635000 	/System/Library/Frameworks/ApplicationServices.framework/Versions/A/Frameworks/QD.framework/Versions/A/QD
0x0000000004635000 	/System/Library/Frameworks/ApplicationServices.framework/Versions/A/Frameworks/SpeechSynthesis.framework/Versions/A/SpeechSynthesis
0x0000000004635000 	/System/Library/Frameworks/Accelerate.framework/Versions/A/Accelerate
0x0000000004635000 	/System/Library/Frameworks/Accelerate.framework/Versions/A/Frameworks/vImage.framework/Versions/A/vImage
0x0000000004635000 	/System/Library/Frameworks/Accelerate.framework/Versions/A/Frameworks/vecLib.framework/Versions/A/vecLib
0x0000000004635000 	/System/Library/Frameworks/Accelerate.framework/Versions/A/Frameworks/vecLib.framework/Versions/A/libvDSP.dylib
0x0000000004635000 	/System/Library/Frameworks/Accelerate.framework/Versions/A/Frameworks/vecLib.framework/Versions/A/libvMisc.dylib
0x0000000004635000 	/System/Library/Frameworks/Accelerate.framework/Versions/A/Frameworks/vecLib.framework/Versions/A/libLAPACK.dylib
0x0000000004635000 	/System/Library/Frameworks/Accelerate.framework/Versions/A/Frameworks/vecLib.framework/Versions/A/libBLAS.dylib
0x0000000004635000 	/System/Library/Frameworks/Accelerate.framework/Versions/A/Frameworks/vecLib.framework/Versions/A/libLinearAlgebra.dylib
0x0000000004635000 	/System/Library/Frameworks/ApplicationServices.framework/Versions/A/Frameworks/ATS.framework/Versions/A/Resources/libFontParser.dylib
0x0000000004635000 	/System/Library/Frameworks/ApplicationServices.framework/Versions/A/Frameworks/ATS.framework/Versions/A/Resources/libFontRegistry.dylib
0x0000000004635000 	/System/Library/PrivateFrameworks/AppleVPA.framework/Versions/A/AppleVPA
0x0000000004635000 	/System/Library/PrivateFrameworks/AppleJPEG.framework/Versions/A/AppleJPEG
0x0000000004635000 	/System/Library/Frameworks/ImageIO.framework/Versions/A/Resources/libJPEG.dylib
0x0000000004635000 	/System/Library/Frameworks/ImageIO.framework/Versions/A/Resources/libTIFF.dylib
0x0000000004635000 	/System/Library/Frameworks/ImageIO.framework/Versions/A/Resources/libPng.dylib
0x0000000004635000 	/System/Library/Frameworks/ImageIO.framework/Versions/A/Resources/libGIF.dylib
0x0000000004635000 	/System/Library/Frameworks/ImageIO.framework/Versions/A/Resources/libJP2.dylib
0x0000000004635000 	/System/Library/Frameworks/ImageIO.framework/Versions/A/Resources/libRadiance.dylib
0x0000000004635000 	/System/Library/Frameworks/CoreVideo.framework/Versions/A/CoreVideo
0x0000000004635000 	/System/Library/Frameworks/OpenGL.framework/Versions/A/Libraries/libGLU.dylib
0x0000000004635000 	/System/Library/Frameworks/OpenGL.framework/Versions/A/Libraries/libGFXShared.dylib
0x0000000004635000 	/System/Library/Frameworks/OpenGL.framework/Versions/A/Libraries/libGL.dylib
0x0000000004635000 	/System/Library/Frameworks/OpenGL.framework/Versions/A/Libraries/libGLImage.dylib
0x0000000004635000 	/System/Library/Frameworks/OpenGL.framework/Versions/A/Libraries/libCVMSPluginSupport.dylib
0x0000000004635000 	/System/Library/Frameworks/OpenGL.framework/Versions/A/Libraries/libCoreVMClient.dylib
0x0000000004635000 	/usr/lib/libcups.2.dylib
0x0000000004635000 	/System/Library/Frameworks/Kerberos.framework/Versions/A/Kerberos
0x0000000004635000 	/System/Library/Frameworks/GSS.framework/Versions/A/GSS
0x0000000004635000 	/usr/lib/libresolv.9.dylib
0x0000000004635000 	/usr/lib/libiconv.2.dylib
0x0000000004635000 	/System/Library/PrivateFrameworks/Heimdal.framework/Versions/A/Heimdal
0x0000000004635000 	/usr/lib/libheimdal-asn1.dylib
0x0000000004635000 	/System/Library/Frameworks/OpenDirectory.framework/Versions/A/OpenDirectory
0x0000000004635000 	/System/Library/PrivateFrameworks/CommonAuth.framework/Versions/A/CommonAuth
0x0000000004635000 	/System/Library/Frameworks/OpenDirectory.framework/Versions/A/Frameworks/CFOpenDirectory.framework/Versions/A/CFOpenDirectory
0x0000000004635000 	/System/Library/Frameworks/SecurityFoundation.framework/Versions/A/SecurityFoundation
0x0000000004635000 	/System/Library/PrivateFrameworks/LanguageModeling.framework/Versions/A/LanguageModeling
0x0000000004635000 	/usr/lib/libcmph.dylib
0x0000000004635000 	/System/Library/Frameworks/ServiceManagement.framework/Versions/A/ServiceManagement
0x0000000004635000 	/usr/lib/libxslt.1.dylib
0x0000000004635000 	/System/Library/Frameworks/Carbon.framework/Versions/A/Frameworks/Ink.framework/Versions/A/Ink
0x0000000004635000 	/System/Library/Frameworks/QuartzCore.framework/Versions/A/Frameworks/CoreImage.framework/Versions/A/CoreImage
0x0000000004635000 	/System/Library/PrivateFrameworks/CrashReporterSupport.framework/Versions/A/CrashReporterSupport
0x0000000004635000 	/System/Library/Frameworks/OpenCL.framework/Versions/A/OpenCL
0x0000000004635000 	/System/Library/PrivateFrameworks/FaceCore.framework/Versions/A/FaceCore
0x0000000004635000 	/System/Library/PrivateFrameworks/Ubiquity.framework/Versions/A/Ubiquity
0x0000000004635000 	/System/Library/PrivateFrameworks/IconServices.framework/Versions/A/IconServices
0x0000000004635000 	/System/Library/PrivateFrameworks/ChunkingLibrary.framework/Versions/A/ChunkingLibrary
0x0000000004635000 	/System/Library/PrivateFrameworks/Apple80211.framework/Versions/A/Apple80211
0x0000000004635000 	/System/Library/Frameworks/CoreWLAN.framework/Versions/A/CoreWLAN
0x0000000004635000 	/System/Library/Frameworks/IOBluetooth.framework/Versions/A/IOBluetooth
0x0000000004635000 	/System/Library/PrivateFrameworks/CoreWiFi.framework/Versions/A/CoreWiFi
0x0000000004635000 	/System/Library/Frameworks/CoreBluetooth.framework/Versions/A/CoreBluetooth
0x0000000004635000 	/System/Library/PrivateFrameworks/DebugSymbols.framework/Versions/A/DebugSymbols
0x0000000004635000 	/System/Library/PrivateFrameworks/CoreSymbolication.framework/Versions/A/CoreSymbolication
0x0000000004635000 	/System/Library/PrivateFrameworks/Symbolication.framework/Versions/A/Symbolication
0x0000000004635000 	/System/Library/PrivateFrameworks/SpeechRecognitionCore.framework/Versions/A/SpeechRecognitionCore
0x0000000107842000 	/Library/Java/JavaVirtualMachines/jdk1.8.0_60.jdk/Contents/Home/jre/lib/server/libjvm.dylib
0x0000000004635000 	/usr/lib/libstdc++.6.dylib
0x00000001087e2000 	/Library/Java/JavaVirtualMachines/jdk1.8.0_60.jdk/Contents/Home/jre/lib/libverify.dylib
0x0000000109103000 	/Library/Java/JavaVirtualMachines/jdk1.8.0_60.jdk/Contents/Home/jre/lib/libjava.dylib
0x0000000109138000 	/Library/Java/JavaVirtualMachines/jdk1.8.0_60.jdk/Contents/Home/jre/lib/libjdwp.dylib
0x00000001087f1000 	/Library/Java/JavaVirtualMachines/jdk1.8.0_60.jdk/Contents/Home/jre/lib/libnpt.dylib
0x0000000109183000 	/Library/Java/JavaVirtualMachines/jdk1.8.0_60.jdk/Contents/Home/jre/lib/libzip.dylib
0x000000011cc9a000 	/System/Library/Frameworks/JavaVM.framework/Frameworks/JavaRuntimeSupport.framework/JavaRuntimeSupport
0x000000011ccb2000 	/System/Library/Frameworks/JavaVM.framework/Versions/A/Frameworks/JavaNativeFoundation.framework/Versions/A/JavaNativeFoundation
0x000000011ccc7000 	/System/Library/Frameworks/JavaVM.framework/Versions/A/JavaVM
0x0000000004635000 	/System/Library/Frameworks/Carbon.framework/Versions/A/Carbon
0x000000011ccd4000 	/System/Library/PrivateFrameworks/JavaLaunching.framework/Versions/A/JavaLaunching
0x0000000004635000 	/System/Library/Frameworks/Carbon.framework/Versions/A/Frameworks/CommonPanels.framework/Versions/A/CommonPanels
0x0000000004635000 	/System/Library/Frameworks/Carbon.framework/Versions/A/Frameworks/Help.framework/Versions/A/Help
0x0000000004635000 	/System/Library/Frameworks/Carbon.framework/Versions/A/Frameworks/ImageCapture.framework/Versions/A/ImageCapture
0x0000000004635000 	/System/Library/Frameworks/Carbon.framework/Versions/A/Frameworks/OpenScripting.framework/Versions/A/OpenScripting
0x0000000004635000 	/System/Library/Frameworks/Carbon.framework/Versions/A/Frameworks/Print.framework/Versions/A/Print
0x0000000004635000 	/System/Library/Frameworks/Carbon.framework/Versions/A/Frameworks/SecurityHI.framework/Versions/A/SecurityHI
0x000000011e6bf000 	/Library/Java/JavaVirtualMachines/jdk1.8.0_60.jdk/Contents/Home/jre/lib/libdt_socket.dylib

VM Arguments:
jvm_args: -agentlib:jdwp=transport=dt_socket,suspend=y,address=localhost:55156 -Dfile.encoding=UTF-8 
java_command: opgave_1.Main
java_class_path (initial): /Users/UnicoJoyhug/git/smjj/opgave_1/bin
Launcher Type: SUN_STANDARD

Environment Variables:
PATH=/usr/bin:/bin:/usr/sbin:/sbin
SHELL=/bin/bash

Signal Handlers:
SIGSEGV: [libjvm.dylib+0x5a6d31], sa_mask[0]=11111111011111110111111111111111, sa_flags=SA_ONSTACK|SA_RESTART|SA_SIGINFO
SIGBUS: [libjvm.dylib+0x5a6d31], sa_mask[0]=11111111011111110111111111111111, sa_flags=SA_RESTART|SA_SIGINFO
SIGFPE: [libjvm.dylib+0x480a4c], sa_mask[0]=11111111011111110111111111111111, sa_flags=SA_RESTART|SA_SIGINFO
SIGPIPE: [libjvm.dylib+0x480a4c], sa_mask[0]=11111111011111110111111111111111, sa_flags=SA_RESTART|SA_SIGINFO
SIGXFSZ: [libjvm.dylib+0x480a4c], sa_mask[0]=11111111011111110111111111111111, sa_flags=SA_RESTART|SA_SIGINFO
SIGILL: [libjvm.dylib+0x480a4c], sa_mask[0]=11111111011111110111111111111111, sa_flags=SA_RESTART|SA_SIGINFO
SIGUSR1: SIG_DFL, sa_mask[0]=00000000000000000000000000000000, sa_flags=none
SIGUSR2: [libjvm.dylib+0x48056a], sa_mask[0]=00100000000000000000000000000000, sa_flags=SA_RESTART|SA_SIGINFO
SIGHUP: [libjvm.dylib+0x47eb41], sa_mask[0]=11111111011111110111111111111111, sa_flags=SA_RESTART|SA_SIGINFO
SIGINT: [libjvm.dylib+0x47eb41], sa_mask[0]=11111111011111110111111111111111, sa_flags=SA_RESTART|SA_SIGINFO
SIGTERM: [libjvm.dylib+0x47eb41], sa_mask[0]=11111111011111110111111111111111, sa_flags=SA_RESTART|SA_SIGINFO
SIGQUIT: [libjvm.dylib+0x47eb41], sa_mask[0]=11111111011111110111111111111111, sa_flags=SA_RESTART|SA_SIGINFO


---------------  S Y S T E M  ---------------

OS:Bsduname:Darwin 14.5.0 Darwin Kernel Version 14.5.0: Tue Sep  1 21:23:09 PDT 2015; root:xnu-2782.50.1~1/RELEASE_X86_64 x86_64
rlimit: STACK 8192k, CORE 0k, NPROC 709, NOFILE 10240, AS infinity
load average:2.15 2.21 2.22

CPU:total 4 (2 cores per cpu, 2 threads per core) family 6 model 69 stepping 1, cmov, cx8, fxsr, mmx, sse, sse2, sse3, ssse3, sse4.1, sse4.2, popcnt, avx, avx2, aes, clmul, erms, lzcnt, ht, tsc, tscinvbit, bmi1, bmi2

Memory: 4k page, physical 4194304k(16836k free)

/proc/meminfo:


vm_info: Java HotSpot(TM) 64-Bit Server VM (25.60-b23) for bsd-amd64 JRE (1.8.0_60-b27), built on Aug  4 2015 10:47:24 by "java_re" with gcc 4.2.1 (Based on Apple Inc. build 5658) (LLVM build 2336.11.00)

time: Wed Feb 24 22:51:12 2016
elapsed time: 241 seconds (0d 0h 4m 1s)

